c:\users\lhl63\onedrive\바탕 화면\db_project\db_project\debug\vc141.pdb
c:\users\lhl63\onedrive\바탕 화면\db_project\db_project\debug\vc141.idb
c:\users\lhl63\onedrive\바탕 화면\db_project\db_project\debug\update_transaction.obj
c:\users\lhl63\onedrive\바탕 화면\db_project\db_project\debug\update_distributor.obj
c:\users\lhl63\onedrive\바탕 화면\db_project\db_project\debug\update_client.obj
c:\users\lhl63\onedrive\바탕 화면\db_project\db_project\debug\transaction_main.obj
c:\users\lhl63\onedrive\바탕 화면\db_project\db_project\debug\select_transaction.obj
c:\users\lhl63\onedrive\바탕 화면\db_project\db_project\debug\select_store.obj
c:\users\lhl63\onedrive\바탕 화면\db_project\db_project\debug\select_distributor.obj
c:\users\lhl63\onedrive\바탕 화면\db_project\db_project\debug\search_product.obj
c:\users\lhl63\onedrive\바탕 화면\db_project\db_project\debug\insert_transaction.obj
c:\users\lhl63\onedrive\바탕 화면\db_project\db_project\debug\insert_distributor.obj
c:\users\lhl63\onedrive\바탕 화면\db_project\db_project\debug\insert_client.obj
c:\users\lhl63\onedrive\바탕 화면\db_project\db_project\debug\food_main.obj
c:\users\lhl63\onedrive\바탕 화면\db_project\db_project\debug\distributor_main.obj
c:\users\lhl63\onedrive\바탕 화면\db_project\db_project\debug\delete_distributor.obj
c:\users\lhl63\onedrive\바탕 화면\db_project\db_project\debug\delete_client.obj
c:\users\lhl63\onedrive\바탕 화면\db_project\db_project\debug\client_main.obj
c:\users\lhl63\onedrive\바탕 화면\db_project\debug\db_project.ilk
c:\users\lhl63\onedrive\바탕 화면\db_project\debug\db_project.exe
c:\users\lhl63\onedrive\바탕 화면\db_project\debug\db_project.pdb
c:\users\sooye\downloads\새 압축(zip) 파일\db_project\db_project\debug\client_main.obj
c:\users\sooye\downloads\새 압축(zip) 파일\db_project\db_project\debug\delete_client.obj
c:\users\sooye\downloads\새 압축(zip) 파일\db_project\db_project\debug\delete_distributor.obj
c:\users\sooye\downloads\새 압축(zip) 파일\db_project\db_project\debug\distributor_main.obj
c:\users\sooye\downloads\새 압축(zip) 파일\db_project\db_project\debug\food_main.obj
c:\users\sooye\downloads\새 압축(zip) 파일\db_project\db_project\debug\insert_client.obj
c:\users\sooye\downloads\새 압축(zip) 파일\db_project\db_project\debug\insert_distributor.obj
c:\users\sooye\downloads\새 압축(zip) 파일\db_project\db_project\debug\insert_transaction.obj
c:\users\sooye\downloads\새 압축(zip) 파일\db_project\db_project\debug\search_product.obj
c:\users\sooye\downloads\새 압축(zip) 파일\db_project\db_project\debug\select_distributor.obj
c:\users\sooye\downloads\새 압축(zip) 파일\db_project\db_project\debug\select_store.obj
c:\users\sooye\downloads\새 압축(zip) 파일\db_project\db_project\debug\select_transaction.obj
c:\users\sooye\downloads\새 압축(zip) 파일\db_project\db_project\debug\transaction_main.obj
c:\users\sooye\downloads\새 압축(zip) 파일\db_project\db_project\debug\update_client.obj
c:\users\sooye\downloads\새 압축(zip) 파일\db_project\db_project\debug\update_distributor.obj
c:\users\sooye\downloads\새 압축(zip) 파일\db_project\db_project\debug\update_transaction.obj
c:\users\sooye\downloads\새 압축(zip) 파일\db_project\db_project\debug\vc141.idb
c:\users\sooye\downloads\새 압축(zip) 파일\db_project\db_project\debug\vc141.pdb
c:\users\sooye\downloads\새 압축(zip) 파일\db_project\debug\db_project.pdb
c:\users\sooye\downloads\새 압축(zip) 파일\db_project\debug\db_project.exe
c:\users\sooye\downloads\새 압축(zip) 파일\db_project\debug\db_project.ilk
c:\users\sooye\downloads\새 압축(zip) 파일\db_project\db_project\debug\db_project.tlog\cl.command.1.tlog
c:\users\sooye\downloads\새 압축(zip) 파일\db_project\db_project\debug\db_project.tlog\cl.read.1.tlog
c:\users\sooye\downloads\새 압축(zip) 파일\db_project\db_project\debug\db_project.tlog\cl.write.1.tlog
c:\users\sooye\downloads\새 압축(zip) 파일\db_project\db_project\debug\db_project.tlog\link.command.1.tlog
c:\users\sooye\downloads\새 압축(zip) 파일\db_project\db_project\debug\db_project.tlog\link.read.1.tlog
c:\users\sooye\downloads\새 압축(zip) 파일\db_project\db_project\debug\db_project.tlog\link.write.1.tlog
